f:
addiu $sp, $sp, -12
sw $ra, 8($sp)
sw $s0, 4($sp)
lw $s0, $sp
addiu $sp, $sp, -4
li $t0, 4
sw $t0, $sp
lw $v0, $sp
lw $s0, $4($s0)
lw $ra, $8($s0)
move sp, s0
addiu $sp, $sp, 8
JR $ra
main:
addiu $sp, $sp, -12
sw $ra, 8($sp)
sw $s0, 4($sp)
lw $s0, $sp
addiu $sp, $sp, -4
li $t0, 1
sw $t0, $sp
addiu $sp, $sp, -4
li $t0, 2
sw $t0, $sp
lw $t0, $sp
lw $t1, $4($sp)
XOR $t0, $t0, $t1
SLTIU $t0, $t0, 1
addiu $sp, $sp, 4
sw $t0, $sp
lw $t0, $sp
addiu $sp, $sp, 4
BEQZ $t0, Label_3
addiu $sp, $sp, -4
li $t0, 7
sw $t0, $sp
lw $v0, $sp
lw $s0, $4($s0)
lw $ra, $8($s0)
move sp, s0
addiu $sp, $sp, 8
JR $ra
B Label_1
Label_3:
addiu $sp, $sp, -4
li $t0, 4
sw $t0, $sp
addiu $sp, $sp, -4
li $t0, 5
sw $t0, $sp
lw $t0, $sp
lw $t1, $4($sp)
XOR $t0, $t0, $t1
SLTIU $t0, $t0, 1
addiu $sp, $sp, 4
sw $t0, $sp
lw $t0, $sp
addiu $sp, $sp, 4
BEQZ $t0, Label_2
addiu $sp, $sp, -4
li $t0, 11
sw $t0, $sp
lw $v0, $sp
lw $s0, $4($s0)
lw $ra, $8($s0)
move sp, s0
addiu $sp, $sp, 8
JR $ra
B Label_1
Label_2:
addiu $sp, $sp, -4
li $t0, 13
sw $t0, $sp
lw $v0, $sp
lw $s0, $4($s0)
lw $ra, $8($s0)
move sp, s0
addiu $sp, $sp, 8
JR $ra
Label_1:
addiu $sp, $sp, -4
JAL fsw $v0, $sp
lw $v0, $sp
lw $s0, $4($s0)
lw $ra, $8($s0)
move sp, s0
addiu $sp, $sp, 8
JR $ra
